{ level: 'error',
  message: 'Something wrong here. Something wrong here.',
  stack:
   'Error: Something wrong here.\n    at Object.<anonymous> (/home/pi/webgpio/app.js:55:7)\n    at Module._compile (internal/modules/cjs/loader.js:816:30)\n    at Object.Module._extensions..js (internal/modules/cjs/loader.js:827:10)\n    at Module.load (internal/modules/cjs/loader.js:685:32)\n    at Function.Module._load (internal/modules/cjs/loader.js:620:12)\n    at Function.Module.runMain (internal/modules/cjs/loader.js:877:12)\n    at internal/main/run_main_module.js:21:11',
  timestamp: '2021-10-19T07:18:15.160Z' }
{ message:
   'Error at setup pin16: Error: EINVAL: invalid argument, write',
  level: 'error',
  timestamp: '2021-10-19T07:24:15.105Z' }
{ message:
   'Error at setup pin16: Error: EBUSY: resource busy or locked, write',
  level: 'error',
  timestamp: '2021-10-19T07:24:22.295Z' }
{ message:
   'Invalid password: client ip: ::ffff:192.168.1.1 - password: abcd123',
  level: 'error',
  timestamp: '2021-10-19T08:13:23.449Z' }
{ message:
   'Invalid password: client ip: ::ffff:192.168.1.21 - password: abdsjhkjahdf',
  level: 'error',
  timestamp: '2021-10-19T20:34:57.677Z' }
{ message:
   'Error at setup pin16: Error: EBUSY: resource busy or locked, write',
  level: 'error',
  timestamp: '2021-10-22T03:38:59.813Z' }
{ message:
   'Error at setup pin16: Error: EBUSY: resource busy or locked, write',
  level: 'error',
  timestamp: '2021-10-22T03:39:03.417Z' }
{ message:
   'Error at setup pin16: Error: EBUSY: resource busy or locked, write',
  level: 'error',
  timestamp: '2021-10-22T03:45:47.944Z' }
{ message:
   'Error at setup pin16: Error: EBUSY: resource busy or locked, write',
  level: 'error',
  timestamp: '2021-10-22T03:45:53.332Z' }
{ message:
   'Error at setup pin16: Error: EBUSY: resource busy or locked, write',
  level: 'error',
  timestamp: '2021-10-22T03:45:54.419Z' }
{ message:
   "Error at setup pin16: Error: EACCES: permission denied, open '/sys/class/gpio/gpio24/value'",
  level: 'error',
  timestamp: '2021-10-22T03:46:02.760Z' }
{ message:
   'Error at setup pin16: Error: EINVAL: invalid argument, write',
  level: 'error',
  timestamp: '2021-10-22T03:46:10.781Z' }
{ message:
   'Error at setup pin16: Error: EBUSY: resource busy or locked, write',
  level: 'error',
  timestamp: '2021-10-22T03:46:14.008Z' }
{ message:
   'Error at setup pin16: Error: EBUSY: resource busy or locked, write',
  level: 'error',
  timestamp: '2021-10-22T03:46:18.769Z' }
{ message:
   'Error at setup pin16: Error: EINVAL: invalid argument, write',
  level: 'error',
  timestamp: '2021-10-22T03:47:30.524Z' }
{ message:
   'Error at setup pin16: Error: EINVAL: invalid argument, write',
  level: 'error',
  timestamp: '2021-10-22T03:47:30.528Z' }
{ message:
   'Error at setup pin16: Error: EINVAL: invalid argument, write',
  level: 'error',
  timestamp: '2021-10-22T03:47:30.538Z' }
{ message:
   'Error at setup pin16: Error: EINVAL: invalid argument, write',
  level: 'error',
  timestamp: '2021-10-22T03:47:30.541Z' }
{ message:
   "Error at setup pin16: Error: EACCES: permission denied, open '/sys/class/gpio/gpio23/value'",
  level: 'error',
  timestamp: '2021-10-22T03:47:45.967Z' }
{ message:
   'Error at setup pin16: Error: EBUSY: resource busy or locked, write',
  level: 'error',
  timestamp: '2021-10-22T03:47:48.703Z' }
{ message: 'Error at setup pin16: Error: ENODEV: no such device, read',
  level: 'error',
  timestamp: '2021-10-22T03:55:48.853Z' }
{ message:
   'Invalid password: client ip: ::ffff:192.168.1.21 - password: Wkaoy?1298',
  level: 'error',
  timestamp: '2021-10-22T04:00:58.182Z' }
{ message:
   'Error at setup pin16: Error: EINVAL: invalid argument, write',
  level: 'error',
  timestamp: '2021-10-22T04:01:19.122Z' }
{ message:
   'Server error: Cannot set headers after they are sent to the client',
  level: 'error',
  timestamp: '2021-10-22T05:43:50.951Z' }
{ message:
   "Error at setup pin16: Error: EACCES: permission denied, open '/sys/class/gpio/gpio23/value'",
  level: 'error',
  timestamp: '2021-10-22T05:43:54.233Z' }
{ message:
   "Error at setup pin16: Error: EACCES: permission denied, open '/sys/class/gpio/gpio23/value'",
  level: 'error',
  timestamp: '2021-10-22T05:44:17.183Z' }
{ message:
   "Error at setup pin16: Error: EACCES: permission denied, open '/sys/class/gpio/gpio24/value'",
  level: 'error',
  timestamp: '2021-10-22T05:45:51.320Z' }
{ message:
   "Error at setup pin16: Error: EACCES: permission denied, open '/sys/class/gpio/gpio24/value'",
  level: 'error',
  timestamp: '2021-10-22T05:46:17.526Z' }
{ message:
   'Invalid password: client ip: ::ffff:192.168.1.21 - password: wakoy?1298',
  level: 'error',
  timestamp: '2021-10-22T06:09:33.079Z' }
{ message:
   'Server error: Cannot set headers after they are sent to the client',
  level: 'error',
  timestamp: '2021-10-23T01:41:33.767Z' }
{ message:
   'Invalid password: client ip: ::ffff:192.168.1.21 - password: wakoy?1298',
  level: 'error',
  timestamp: '2021-10-23T01:41:53.113Z' }
{ message:
   'Server error: Cannot set headers after they are sent to the client',
  level: 'error',
  timestamp: '2021-10-23T01:44:00.187Z' }
{ message:
   'Server error: Cannot set headers after they are sent to the client',
  level: 'error',
  timestamp: '2021-10-23T01:58:28.833Z' }
{ message:
   'Invalid password: client ip: ::ffff:192.168.1.21 - password: Wakoy?1198',
  level: 'error',
  timestamp: '2021-10-23T01:58:41.724Z' }
{ message:
   'Server error: Cannot set headers after they are sent to the client',
  level: 'error',
  timestamp: '2021-10-24T11:18:40.989Z' }
{ message:
   'Server error: Cannot set headers after they are sent to the client',
  level: 'error',
  timestamp: '2021-10-24T11:21:33.414Z' }
{ message:
   'Server error: Cannot set headers after they are sent to the client',
  level: 'error',
  timestamp: '2021-10-24T11:24:09.759Z' }
{ message:
   'Server error: Cannot set headers after they are sent to the client',
  level: 'error',
  timestamp: '2021-10-24T11:26:17.242Z' }
{ message:
   'Server error: Cannot set headers after they are sent to the client',
  level: 'error',
  timestamp: '2021-10-24T11:29:14.935Z' }
{ message:
   'Server error: Cannot set headers after they are sent to the client',
  level: 'error',
  timestamp: '2021-10-24T11:37:10.201Z' }
{ message:
   'Server error: Cannot set headers after they are sent to the client',
  level: 'error',
  timestamp: '2021-10-24T11:42:55.157Z' }
{ message:
   'Server error: Cannot set headers after they are sent to the client',
  level: 'error',
  timestamp: '2021-10-24T11:49:17.706Z' }
{ message:
   'Server error: Cannot set headers after they are sent to the client',
  level: 'error',
  timestamp: '2021-10-24T12:13:18.794Z' }
{ message:
   'Server error: Cannot set headers after they are sent to the client',
  level: 'error',
  timestamp: '2021-10-24T12:13:37.335Z' }
{ message:
   'Server error: Cannot set headers after they are sent to the client',
  level: 'error',
  timestamp: '2021-10-24T12:15:01.557Z' }
{ message:
   'Server error: Cannot set headers after they are sent to the client',
  level: 'error',
  timestamp: '2021-10-24T12:16:11.274Z' }
{ message:
   'Invalid password: client ip: ::ffff:192.168.1.21 - password: Wakoy?12998',
  level: 'error',
  timestamp: '2021-10-24T19:33:50.448Z' }
{ message:
   'Server error: Cannot set headers after they are sent to the client',
  level: 'error',
  timestamp: '2021-10-24T19:37:55.836Z' }
{ message:
   'Invalid password: client ip: ::ffff:192.168.1.21 - password: wakoy?1298',
  level: 'error',
  timestamp: '2021-10-24T20:42:03.404Z' }
{ message:
   'Invalid password: client ip: ::ffff:192.168.1.21 - password: wAKOY?1298',
  level: 'error',
  timestamp: '2021-10-24T21:24:19.181Z' }
{ message:
   'Invalid password: client ip: ::ffff:192.168.1.21 - password: wAKOY?1298',
  level: 'error',
  timestamp: '2021-10-24T21:27:36.369Z' }
{ message:
   "Error at setup pin18: Error: ENOENT: no such file or directory, open '/sys/class/gpio/gpio24/value'",
  level: 'error',
  timestamp: '2021-10-24T21:27:56.106Z' }
{ message:
   "Error at setup pin18: Error: EACCES: permission denied, open '/sys/class/gpio/gpio24/value'",
  level: 'error',
  timestamp: '2021-10-24T22:00:00.100Z' }
{ message:
   'Error at setup pin18: Error: EBUSY: resource busy or locked, write',
  level: 'error',
  timestamp: '2021-10-24T22:01:59.745Z' }
{ message:
   "Error at setup pin18: Error: EACCES: permission denied, open '/sys/class/gpio/gpio24/value'",
  level: 'error',
  timestamp: '2021-10-24T22:04:03.348Z' }
{ message:
   "Error at setup pin18: Error: EACCES: permission denied, open '/sys/class/gpio/gpio24/value'",
  level: 'error',
  timestamp: '2021-10-24T22:04:21.766Z' }
{ message:
   "Error at setup pin18: Error: EACCES: permission denied, open '/sys/class/gpio/gpio24/value'",
  level: 'error',
  timestamp: '2021-10-24T22:04:34.601Z' }
{ message:
   "Error at setup pin18: Error: EACCES: permission denied, open '/sys/class/gpio/gpio24/value'",
  level: 'error',
  timestamp: '2021-10-24T22:04:47.780Z' }
{ message: 'Error at setup pin18: Error: ENODEV: no such device, read',
  level: 'error',
  timestamp: '2021-10-24T22:04:54.692Z' }
{ message:
   'Error at setup pin18: Error: EINVAL: invalid argument, write',
  level: 'error',
  timestamp: '2021-10-24T22:06:05.579Z' }
{ message:
   'Error at setup pin18: Error: EBUSY: resource busy or locked, write',
  level: 'error',
  timestamp: '2021-10-24T22:06:05.638Z' }
{ message:
   'Error at setup pin18: Error: EBUSY: resource busy or locked, write',
  level: 'error',
  timestamp: '2021-10-24T22:06:05.658Z' }
{ message:
   'Error at setup pin18: Error: EBUSY: resource busy or locked, write',
  level: 'error',
  timestamp: '2021-10-24T22:06:05.666Z' }
{ message:
   'Error at setup pin18: Error: EBUSY: resource busy or locked, write',
  level: 'error',
  timestamp: '2021-10-24T22:06:05.687Z' }
{ message:
   'Error at setup pin18: Error: EBUSY: resource busy or locked, write',
  level: 'error',
  timestamp: '2021-10-24T22:06:05.710Z' }
{ message:
   "Error at setup pin18: Error: EACCES: permission denied, open '/sys/class/gpio/gpio24/value'",
  level: 'error',
  timestamp: '2021-10-24T22:06:22.910Z' }
{ message: 'Error at setup pin18: Error: ENODEV: no such device, read',
  level: 'error',
  timestamp: '2021-10-24T22:06:46.792Z' }
{ message:
   'Error at setup pin18: Error: EBUSY: resource busy or locked, write',
  level: 'error',
  timestamp: '2021-10-24T22:08:46.735Z' }
{ message:
   'Error at setup pin18: Error: EBUSY: resource busy or locked, write',
  level: 'error',
  timestamp: '2021-10-24T22:12:40.851Z' }
{ message:
   "Error at setup pin18: Error: EACCES: permission denied, open '/sys/class/gpio/gpio24/value'",
  level: 'error',
  timestamp: '2021-10-24T22:13:10.477Z' }
{ message:
   "Error at setup pin18: Error: EACCES: permission denied, open '/sys/class/gpio/gpio24/value'",
  level: 'error',
  timestamp: '2021-10-24T22:13:11.765Z' }
{ message:
   "Error at setup pin18: Error: EACCES: permission denied, open '/sys/class/gpio/gpio24/value'",
  level: 'error',
  timestamp: '2021-10-24T22:14:43.803Z' }
{ message:
   'Error at setup pin18: Error: EBUSY: resource busy or locked, write',
  level: 'error',
  timestamp: '2021-10-24T22:15:11.778Z' }
{ message:
   "Error at setup pin18: Error: EACCES: permission denied, open '/sys/class/gpio/gpio24/value'",
  level: 'error',
  timestamp: '2021-10-24T22:18:14.760Z' }
{ message:
   "Error at setup pin18: Error: EACCES: permission denied, open '/sys/class/gpio/gpio24/value'",
  level: 'error',
  timestamp: '2021-10-24T22:18:35.818Z' }
{ message: 'Error at setup pin18: Error: ENODEV: no such device, read',
  level: 'error',
  timestamp: '2021-10-24T22:22:53.708Z' }
